2025-06-27T00:26:10.466+08:00  INFO 24044 --- [news-project] [main] c.example.demo.NewsProjectApplication    : Starting NewsProjectApplication using Java 21.0.7 with PID 24044 (C:\Users\User\eclipse-workspace\news-project\target\classes started by User in C:\Users\User\eclipse-workspace\news-project)
2025-06-27T00:26:10.471+08:00  INFO 24044 --- [news-project] [main] c.example.demo.NewsProjectApplication    : No active profile set, falling back to 1 default profile: "default"
2025-06-27T00:26:11.408+08:00  INFO 24044 --- [news-project] [main] .s.d.r.c.RepositoryConfigurationDelegate : Multiple Spring Data modules found, entering strict repository configuration mode
2025-06-27T00:26:11.410+08:00  INFO 24044 --- [news-project] [main] .s.d.r.c.RepositoryConfigurationDelegate : Bootstrapping Spring Data JDBC repositories in DEFAULT mode.
2025-06-27T00:26:11.448+08:00  INFO 24044 --- [news-project] [main] .RepositoryConfigurationExtensionSupport : Spring Data JDBC - Could not safely identify store assignment for repository candidate interface com.example.demo.repository.CartItemRepository; If you want this repository to be a JDBC repository, consider annotating your entities with one of these annotations: org.springframework.data.relational.core.mapping.Table.
2025-06-27T00:26:11.449+08:00  INFO 24044 --- [news-project] [main] .RepositoryConfigurationExtensionSupport : Spring Data JDBC - Could not safely identify store assignment for repository candidate interface com.example.demo.repository.CartRepository; If you want this repository to be a JDBC repository, consider annotating your entities with one of these annotations: org.springframework.data.relational.core.mapping.Table.
2025-06-27T00:26:11.451+08:00  INFO 24044 --- [news-project] [main] .RepositoryConfigurationExtensionSupport : Spring Data JDBC - Could not safely identify store assignment for repository candidate interface com.example.demo.repository.FavoriteRepository; If you want this repository to be a JDBC repository, consider annotating your entities with one of these annotations: org.springframework.data.relational.core.mapping.Table.
2025-06-27T00:26:11.453+08:00  INFO 24044 --- [news-project] [main] .RepositoryConfigurationExtensionSupport : Spring Data JDBC - Could not safely identify store assignment for repository candidate interface com.example.demo.repository.NewsRepository; If you want this repository to be a JDBC repository, consider annotating your entities with one of these annotations: org.springframework.data.relational.core.mapping.Table.
2025-06-27T00:26:11.454+08:00  INFO 24044 --- [news-project] [main] .RepositoryConfigurationExtensionSupport : Spring Data JDBC - Could not safely identify store assignment for repository candidate interface com.example.demo.repository.UserRepository; If you want this repository to be a JDBC repository, consider annotating your entities with one of these annotations: org.springframework.data.relational.core.mapping.Table.
2025-06-27T00:26:11.455+08:00  INFO 24044 --- [news-project] [main] .RepositoryConfigurationExtensionSupport : Spring Data JDBC - Could not safely identify store assignment for repository candidate interface com.example.demo.repository.RoomRepository; If you want this repository to be a JDBC repository, consider annotating your entities with one of these annotations: org.springframework.data.relational.core.mapping.Table.
2025-06-27T00:26:11.456+08:00  INFO 24044 --- [news-project] [main] .s.d.r.c.RepositoryConfigurationDelegate : Finished Spring Data repository scanning in 39 ms. Found 0 JDBC repository interfaces.
2025-06-27T00:26:11.465+08:00  INFO 24044 --- [news-project] [main] .s.d.r.c.RepositoryConfigurationDelegate : Multiple Spring Data modules found, entering strict repository configuration mode
2025-06-27T00:26:11.466+08:00  INFO 24044 --- [news-project] [main] .s.d.r.c.RepositoryConfigurationDelegate : Bootstrapping Spring Data JPA repositories in DEFAULT mode.
2025-06-27T00:26:11.518+08:00  INFO 24044 --- [news-project] [main] .s.d.r.c.RepositoryConfigurationDelegate : Finished Spring Data repository scanning in 48 ms. Found 6 JPA repository interfaces.
2025-06-27T00:26:11.994+08:00  INFO 24044 --- [news-project] [main] o.s.b.w.embedded.tomcat.TomcatWebServer  : Tomcat initialized with port 8008 (http)
2025-06-27T00:26:12.010+08:00  INFO 24044 --- [news-project] [main] o.apache.catalina.core.StandardService   : Starting service [Tomcat]
2025-06-27T00:26:12.010+08:00  INFO 24044 --- [news-project] [main] o.apache.catalina.core.StandardEngine    : Starting Servlet engine: [Apache Tomcat/10.1.42]
2025-06-27T00:26:12.259+08:00  INFO 24044 --- [news-project] [main] org.apache.jasper.servlet.TldScanner     : At least one JAR was scanned for TLDs yet contained no TLDs. Enable debug logging for this logger for a complete list of JARs that were scanned but no TLDs were found in them. Skipping unneeded JARs during scanning can improve startup time and JSP compilation time.
2025-06-27T00:26:12.266+08:00  INFO 24044 --- [news-project] [main] o.a.c.c.C.[Tomcat].[localhost].[/]       : Initializing Spring embedded WebApplicationContext
2025-06-27T00:26:12.267+08:00  INFO 24044 --- [news-project] [main] w.s.c.ServletWebServerApplicationContext : Root WebApplicationContext: initialization completed in 1754 ms
2025-06-27T00:26:12.432+08:00  INFO 24044 --- [news-project] [main] o.hibernate.jpa.internal.util.LogHelper  : HHH000204: Processing PersistenceUnitInfo [name: default]
2025-06-27T00:26:12.501+08:00  INFO 24044 --- [news-project] [main] org.hibernate.Version                    : HHH000412: Hibernate ORM core version 6.6.18.Final
2025-06-27T00:26:12.542+08:00  INFO 24044 --- [news-project] [main] o.h.c.internal.RegionFactoryInitiator    : HHH000026: Second-level cache disabled
2025-06-27T00:26:12.858+08:00  INFO 24044 --- [news-project] [main] o.s.o.j.p.SpringPersistenceUnitInfo      : No LoadTimeWeaver setup: ignoring JPA class transformer
2025-06-27T00:26:12.897+08:00  INFO 24044 --- [news-project] [main] com.zaxxer.hikari.HikariDataSource       : HikariPool-1 - Starting...
2025-06-27T00:26:13.050+08:00  INFO 24044 --- [news-project] [main] com.zaxxer.hikari.pool.HikariPool        : HikariPool-1 - Added connection com.mysql.cj.jdbc.ConnectionImpl@6143b2b1
2025-06-27T00:26:13.052+08:00  INFO 24044 --- [news-project] [main] com.zaxxer.hikari.HikariDataSource       : HikariPool-1 - Start completed.
2025-06-27T00:26:13.149+08:00  INFO 24044 --- [news-project] [main] org.hibernate.orm.connections.pooling    : HHH10001005: Database info:
	Database JDBC URL [Connecting through datasource 'HikariDataSource (HikariPool-1)']
	Database driver: undefined/unknown
	Database version: 8.0.34
	Autocommit mode: undefined/unknown
	Isolation level: undefined/unknown
	Minimum pool size: undefined/unknown
	Maximum pool size: undefined/unknown
2025-06-27T00:26:14.306+08:00  INFO 24044 --- [news-project] [main] o.h.e.t.j.p.i.JtaPlatformInitiator       : HHH000489: No JTA platform available (set 'hibernate.transaction.jta.platform' to enable JTA platform integration)
2025-06-27T00:26:14.383+08:00  INFO 24044 --- [news-project] [main] j.LocalContainerEntityManagerFactoryBean : Initialized JPA EntityManagerFactory for persistence unit 'default'
2025-06-27T00:26:14.701+08:00  INFO 24044 --- [news-project] [main] o.s.d.j.r.query.QueryEnhancerFactory     : Hibernate is in classpath; If applicable, HQL parser will be used.
2025-06-27T00:26:15.690+08:00  INFO 24044 --- [news-project] [main] o.s.b.a.w.s.WelcomePageHandlerMapping    : Adding welcome page: class path resource [static/index.html]
2025-06-27T00:26:16.132+08:00  INFO 24044 --- [news-project] [main] o.s.b.w.embedded.tomcat.TomcatWebServer  : Tomcat started on port 8008 (http) with context path '/'
2025-06-27T00:26:16.138+08:00  INFO 24044 --- [news-project] [main] c.example.demo.NewsProjectApplication    : Started NewsProjectApplication in 6.09 seconds (process running for 6.742)
2025-06-27T00:26:19.965+08:00  INFO 24044 --- [news-project] [http-nio-8008-exec-1] o.a.c.c.C.[Tomcat].[localhost].[/]       : Initializing Spring DispatcherServlet 'dispatcherServlet'
2025-06-27T00:26:19.965+08:00  INFO 24044 --- [news-project] [http-nio-8008-exec-1] o.s.web.servlet.DispatcherServlet        : Initializing Servlet 'dispatcherServlet'
2025-06-27T00:26:19.966+08:00  INFO 24044 --- [news-project] [http-nio-8008-exec-1] o.s.web.servlet.DispatcherServlet        : Completed initialization in 1 ms
